<?xml version="1.0" encoding="UTF-8"?>
<!-- Generated by org.testng.reporters.JUnitReportReporter -->
<testsuite hostname="DESKTOP-PH87S7R" failures="0" tests="4" name="com.adarsh.playwright.tests.LoginTest" time="36.745" errors="0" timestamp="2026-06-28T16:09:23 IST" skipped="0">
  <testcase classname="com.adarsh.playwright.tests.LoginTest" name="verifySuccessfulLogin" time="9.192"/>
  <testcase classname="com.adarsh.playwright.tests.LoginTest" name="addProductToCart" time="9.151"/>
  <testcase classname="com.adarsh.playwright.tests.LoginTest" name="verifyItemInCart" time="9.113"/>
  <testcase classname="com.adarsh.playwright.tests.LoginTest" name="verifyiteminincartafterremoving" time="9.289"/>
</testsuite> <!-- com.adarsh.playwright.tests.LoginTest -->
