<?xml version="1.0" encoding="UTF-8"?>
<testng-results ignored="0" total="5" passed="5" failed="0" skipped="0">
  <reporter-output>
  </reporter-output>
  <suite started-at="2026-06-28T16:08:27 IST" name="Surefire suite" finished-at="2026-06-28T16:09:23 IST" duration-ms="55920">
    <groups>
    </groups>
    <test started-at="2026-06-28T16:08:27 IST" name="Surefire test" finished-at="2026-06-28T16:09:23 IST" duration-ms="55920">
      <class name="com.adarsh.playwright.tests.LoginTest">
        <test-method is-config="true" signature="setUp()[pri:0, instance:com.adarsh.playwright.tests.LoginTest@145eaa29]" started-at="2026-06-28T16:08:46 IST" name="setUp" finished-at="2026-06-28T16:08:48 IST" duration-ms="2293" status="PASS">
          <reporter-output>
          </reporter-output>
        </test-method> <!-- setUp -->
        <test-method signature="verifySuccessfulLogin()[pri:0, instance:com.adarsh.playwright.tests.LoginTest@145eaa29]" started-at="2026-06-28T16:08:48 IST" name="verifySuccessfulLogin" description="Verify that the user is able to login successfully with valid credentials." finished-at="2026-06-28T16:08:48 IST" duration-ms="214" status="PASS">
          <reporter-output>
          </reporter-output>
        </test-method> <!-- verifySuccessfulLogin -->
        <test-method is-config="true" signature="tearDown()[pri:0, instance:com.adarsh.playwright.tests.LoginTest@145eaa29]" started-at="2026-06-28T16:08:48 IST" name="tearDown" finished-at="2026-06-28T16:08:55 IST" duration-ms="6663" status="PASS">
          <reporter-output>
          </reporter-output>
        </test-method> <!-- tearDown -->
        <test-method is-config="true" signature="setUp()[pri:0, instance:com.adarsh.playwright.tests.LoginTest@145eaa29]" started-at="2026-06-28T16:08:55 IST" name="setUp" finished-at="2026-06-28T16:08:57 IST" duration-ms="2361" status="PASS">
          <reporter-output>
          </reporter-output>
        </test-method> <!-- setUp -->
        <test-method signature="addProductToCart()[pri:1, instance:com.adarsh.playwright.tests.LoginTest@145eaa29]" started-at="2026-06-28T16:08:57 IST" name="addProductToCart" description="Verify that the user is able to add a product to the cart and the cart badge count is updated accordingly." finished-at="2026-06-28T16:08:58 IST" duration-ms="268" status="PASS">
          <reporter-output>
          </reporter-output>
        </test-method> <!-- addProductToCart -->
        <test-method is-config="true" signature="tearDown()[pri:0, instance:com.adarsh.playwright.tests.LoginTest@145eaa29]" started-at="2026-06-28T16:08:58 IST" name="tearDown" finished-at="2026-06-28T16:09:04 IST" duration-ms="6591" status="PASS">
          <reporter-output>
          </reporter-output>
        </test-method> <!-- tearDown -->
        <test-method is-config="true" signature="setUp()[pri:0, instance:com.adarsh.playwright.tests.LoginTest@145eaa29]" started-at="2026-06-28T16:09:04 IST" name="setUp" finished-at="2026-06-28T16:09:07 IST" duration-ms="2346" status="PASS">
          <reporter-output>
          </reporter-output>
        </test-method> <!-- setUp -->
        <test-method signature="verifyItemInCart()[pri:2, instance:com.adarsh.playwright.tests.LoginTest@145eaa29]" started-at="2026-06-28T16:09:07 IST" name="verifyItemInCart" description="Verify that the selected product exists inside the cart." finished-at="2026-06-28T16:09:07 IST" duration-ms="258" status="PASS">
          <reporter-output>
          </reporter-output>
        </test-method> <!-- verifyItemInCart -->
        <test-method is-config="true" signature="tearDown()[pri:0, instance:com.adarsh.playwright.tests.LoginTest@145eaa29]" started-at="2026-06-28T16:09:07 IST" name="tearDown" finished-at="2026-06-28T16:09:13 IST" duration-ms="6590" status="PASS">
          <reporter-output>
          </reporter-output>
        </test-method> <!-- tearDown -->
        <test-method is-config="true" signature="setUp()[pri:0, instance:com.adarsh.playwright.tests.LoginTest@145eaa29]" started-at="2026-06-28T16:09:13 IST" name="setUp" finished-at="2026-06-28T16:09:16 IST" duration-ms="2192" status="PASS">
          <reporter-output>
          </reporter-output>
        </test-method> <!-- setUp -->
        <test-method signature="verifyiteminincartafterremoving()[pri:3, instance:com.adarsh.playwright.tests.LoginTest@145eaa29]" started-at="2026-06-28T16:09:16 IST" name="verifyiteminincartafterremoving" description="Verify that the user is able to sign in, add product to the cart, remove it from the cart, and assert cart badge count then naviate to the cart page and assert that the product is not present in the cart." finished-at="2026-06-28T16:09:16 IST" duration-ms="352" status="PASS">
          <reporter-output>
          </reporter-output>
        </test-method> <!-- verifyiteminincartafterremoving -->
        <test-method is-config="true" signature="tearDown()[pri:0, instance:com.adarsh.playwright.tests.LoginTest@145eaa29]" started-at="2026-06-28T16:09:16 IST" name="tearDown" finished-at="2026-06-28T16:09:23 IST" duration-ms="6617" status="PASS">
          <reporter-output>
          </reporter-output>
        </test-method> <!-- tearDown -->
      </class> <!-- com.adarsh.playwright.tests.LoginTest -->
      <class name="com.adarsh.playwright.tests.GoogleTest">
        <test-method is-config="true" signature="setUp()[pri:0, instance:com.adarsh.playwright.tests.GoogleTest@6328d34a]" started-at="2026-06-28T16:08:27 IST" name="setUp" finished-at="2026-06-28T16:08:40 IST" duration-ms="13056" status="PASS">
          <reporter-output>
          </reporter-output>
        </test-method> <!-- setUp -->
        <test-method signature="verifyGoogleTitle()[pri:0, instance:com.adarsh.playwright.tests.GoogleTest@6328d34a]" started-at="2026-06-28T16:08:40 IST" name="verifyGoogleTitle" finished-at="2026-06-28T16:08:45 IST" duration-ms="5671" status="PASS">
          <reporter-output>
          </reporter-output>
        </test-method> <!-- verifyGoogleTitle -->
        <test-method is-config="true" signature="tearDown()[pri:0, instance:com.adarsh.playwright.tests.GoogleTest@6328d34a]" started-at="2026-06-28T16:08:45 IST" name="tearDown" finished-at="2026-06-28T16:08:46 IST" duration-ms="403" status="PASS">
          <reporter-output>
          </reporter-output>
        </test-method> <!-- tearDown -->
      </class> <!-- com.adarsh.playwright.tests.GoogleTest -->
    </test> <!-- Surefire test -->
  </suite> <!-- Surefire suite -->
</testng-results>
