<?xml version="1.0" encoding="UTF-8"?>
<testng-results ignored="0" total="1" passed="1" failed="0" skipped="0">
  <reporter-output>
  </reporter-output>
  <suite started-at="2026-06-27T12:33:29 IST" name="Surefire suite" finished-at="2026-06-27T12:33:57 IST" duration-ms="27777">
    <groups>
    </groups>
    <test started-at="2026-06-27T12:33:29 IST" name="Surefire test" finished-at="2026-06-27T12:33:57 IST" duration-ms="27777">
      <class name="com.adarsh.playwright.tests.GoogleTest">
        <test-method is-config="true" signature="setUp()[pri:0, instance:com.adarsh.playwright.tests.GoogleTest@1a38c59b]" started-at="2026-06-27T12:33:30 IST" name="setUp" finished-at="2026-06-27T12:33:51 IST" duration-ms="21498" status="PASS">
          <reporter-output>
          </reporter-output>
        </test-method> <!-- setUp -->
        <test-method signature="verifyGoogleTitle()[pri:0, instance:com.adarsh.playwright.tests.GoogleTest@1a38c59b]" started-at="2026-06-27T12:33:51 IST" name="verifyGoogleTitle" finished-at="2026-06-27T12:33:57 IST" duration-ms="5833" status="PASS">
          <reporter-output>
          </reporter-output>
        </test-method> <!-- verifyGoogleTitle -->
        <test-method is-config="true" signature="tearDown()[pri:0, instance:com.adarsh.playwright.tests.GoogleTest@1a38c59b]" started-at="2026-06-27T12:33:57 IST" name="tearDown" finished-at="2026-06-27T12:33:57 IST" duration-ms="394" status="PASS">
          <reporter-output>
          </reporter-output>
        </test-method> <!-- tearDown -->
      </class> <!-- com.adarsh.playwright.tests.GoogleTest -->
    </test> <!-- Surefire test -->
  </suite> <!-- Surefire suite -->
</testng-results>
