<?xml version="1.0" encoding="UTF-8"?>
<!-- Generated by org.testng.reporters.JUnitXMLReporter -->
<testsuite ignored="0" hostname="DESKTOP-PH87S7R" failures="0" tests="5" name="Surefire test" time="55.92" errors="0" timestamp="2026-06-28T16:09:23 IST">
  <testcase classname="com.adarsh.playwright.tests.GoogleTest" name="verifyGoogleTitle" time="5.671"/>
  <testcase classname="com.adarsh.playwright.tests.LoginTest" name="verifySuccessfulLogin" time="0.214"/>
  <testcase classname="com.adarsh.playwright.tests.LoginTest" name="addProductToCart" time="0.268"/>
  <testcase classname="com.adarsh.playwright.tests.LoginTest" name="verifyItemInCart" time="0.258"/>
  <testcase classname="com.adarsh.playwright.tests.LoginTest" name="verifyiteminincartafterremoving" time="0.352"/>
</testsuite> <!-- Surefire test -->
